Base path: C:/Program Files/Unity/Hub/Editor/2018.1.0b13/Editor/Data
Cmd: initializeCompiler
Cmd: compileComputeKernel
  api=4 insize=4741 outsize=9105 ok=1
Cmd: compileComputeKernel
  api=4 insize=2193 outsize=2505 ok=1
Cmd: compileComputeKernel
  api=4 insize=8981 outsize=8629 ok=1
Cmd: compileComputeKernel
  api=4 insize=1337 outsize=1437 ok=1
Cmd: initializeCompiler
Cmd: initializeCompiler
Cmd: initializeCompiler
Cmd: initializeCompiler
Cmd: initializeCompiler
Cmd: initializeCompiler
Cmd: initializeCompiler
Cmd: initializeCompiler
Unhandled exception: Protocol error - unexpected end of data (did the Editor crash?)

Quitting shader compiler process
